<?xml version="1.0" encoding="UTF-8"?>
<testsuite name="Show next departing trains" tests="1" skipped="0" failures="0" errors="0" timestamp="2019-09-24T10:11:58" hostname="MacBook-Pro.local" time="0.076">
  <properties/>
  <testcase name="Next train going to the requested destination on the same line" classname="Show next departing trains" time="0.076"/>
  <system-out><![CDATA[?[32m.?[0m?[32m.?[0m?[32m.?[0m]]></system-out>
  <system-err><![CDATA[]]></system-err>
</testsuite>
